2022-09-18 00:23:16.423  INFO 11076 --- [RMI TCP Connection(66)-127.0.0.1] inMXBeanRegistrar$SpringApplicationAdmin : Application shutdown requested.
2022-09-18 00:23:18.146  INFO 11076 --- [RMI TCP Connection(66)-127.0.0.1] o.s.s.concurrent.ThreadPoolTaskExecutor  : Shutting down ExecutorService 'applicationTaskExecutor'
2022-09-18 00:23:18.198  INFO 11076 --- [RMI TCP Connection(66)-127.0.0.1] org.mongodb.driver.connection            : Closed connection [connectionId{localValue:3, serverValue:85}] to localhost:27017 because the pool has been closed.
2022-09-18 00:25:00.917  INFO 20108 --- [main] com.tweetapp.TweetappApplication         : Starting TweetappApplication using Java 17.0.1 on LTIN182702 with PID 20108 (C:\Users\2055506\OneDrive - Cognizant\Desktop\tweetapp\Tw\tweetapp\target\classes started by 2055506 in C:\Users\2055506\OneDrive - Cognizant\Desktop\tweetapp\Tw\tweetapp)
2022-09-18 00:25:00.921  INFO 20108 --- [main] com.tweetapp.TweetappApplication         : No active profile set, falling back to default profiles: default
2022-09-18 00:25:02.620  INFO 20108 --- [main] .s.d.r.c.RepositoryConfigurationDelegate : Multiple Spring Data modules found, entering strict repository configuration mode!
2022-09-18 00:25:02.624  INFO 20108 --- [main] .s.d.r.c.RepositoryConfigurationDelegate : Bootstrapping Spring Data MongoDB repositories in DEFAULT mode.
2022-09-18 00:25:02.772  INFO 20108 --- [main] .s.d.r.c.RepositoryConfigurationDelegate : Finished Spring Data repository scanning in 141 ms. Found 2 MongoDB repository interfaces.
2022-09-18 00:25:03.787  INFO 20108 --- [main] o.s.b.w.embedded.tomcat.TomcatWebServer  : Tomcat initialized with port(s): 7070 (http)
2022-09-18 00:25:03.808  INFO 20108 --- [main] o.apache.catalina.core.StandardService   : Starting service [Tomcat]
2022-09-18 00:25:03.808  INFO 20108 --- [main] org.apache.catalina.core.StandardEngine  : Starting Servlet engine: [Apache Tomcat/9.0.41]
2022-09-18 00:25:03.961  INFO 20108 --- [main] o.a.c.c.C.[Tomcat].[localhost].[/]       : Initializing Spring embedded WebApplicationContext
2022-09-18 00:25:03.962  INFO 20108 --- [main] w.s.c.ServletWebServerApplicationContext : Root WebApplicationContext: initialization completed in 2975 ms
2022-09-18 00:25:04.344  INFO 20108 --- [main] org.mongodb.driver.cluster               : Cluster created with settings {hosts=[localhost:27017], mode=SINGLE, requiredClusterType=UNKNOWN, serverSelectionTimeout='30000 ms'}
2022-09-18 00:25:04.426  INFO 20108 --- [cluster-ClusterId{value='63261808aa0f8d33f0d2cbb1', description='null'}-localhost:27017] org.mongodb.driver.connection            : Opened connection [connectionId{localValue:1, serverValue:86}] to localhost:27017
2022-09-18 00:25:04.426  INFO 20108 --- [cluster-rtt-ClusterId{value='63261808aa0f8d33f0d2cbb1', description='null'}-localhost:27017] org.mongodb.driver.connection            : Opened connection [connectionId{localValue:2, serverValue:87}] to localhost:27017
2022-09-18 00:25:04.427  INFO 20108 --- [cluster-ClusterId{value='63261808aa0f8d33f0d2cbb1', description='null'}-localhost:27017] org.mongodb.driver.cluster               : Monitor thread successfully connected to server with description ServerDescription{address=localhost:27017, type=STANDALONE, state=CONNECTED, ok=true, minWireVersion=0, maxWireVersion=13, maxDocumentSize=16777216, logicalSessionTimeoutMinutes=30, roundTripTimeNanos=24301700}
2022-09-18 00:25:05.408  INFO 20108 --- [main] o.s.b.a.e.web.EndpointLinksResolver      : Exposing 15 endpoint(s) beneath base path '/actuator'
2022-09-18 00:25:05.500  INFO 20108 --- [main] pertySourcedRequestMappingHandlerMapping : Mapped URL path [/v2/api-docs] onto method [springfox.documentation.swagger2.web.Swagger2Controller#getDocumentation(String, HttpServletRequest)]
2022-09-18 00:25:05.654  INFO 20108 --- [main] o.s.s.web.DefaultSecurityFilterChain     : Will secure Ant [pattern='/v2/api-docs'] with []
2022-09-18 00:25:05.654  INFO 20108 --- [main] o.s.s.web.DefaultSecurityFilterChain     : Will secure Ant [pattern='/configuration/ui'] with []
2022-09-18 00:25:05.655  INFO 20108 --- [main] o.s.s.web.DefaultSecurityFilterChain     : Will secure Ant [pattern='/swagger-resources/**'] with []
2022-09-18 00:25:05.655  INFO 20108 --- [main] o.s.s.web.DefaultSecurityFilterChain     : Will secure Ant [pattern='/configuration/**'] with []
2022-09-18 00:25:05.655  INFO 20108 --- [main] o.s.s.web.DefaultSecurityFilterChain     : Will secure Ant [pattern='/swagger-ui.html'] with []
2022-09-18 00:25:05.655  INFO 20108 --- [main] o.s.s.web.DefaultSecurityFilterChain     : Will secure Ant [pattern='/webjars/**'] with []
2022-09-18 00:25:05.769  INFO 20108 --- [main] o.s.s.web.DefaultSecurityFilterChain     : Will secure any request with [org.springframework.security.web.context.request.async.WebAsyncManagerIntegrationFilter@5d98364c, org.springframework.security.web.context.SecurityContextPersistenceFilter@1ecec098, org.springframework.security.web.header.HeaderWriterFilter@1c4aa701, org.springframework.web.filter.CorsFilter@23d23d98, org.springframework.security.web.authentication.logout.LogoutFilter@2ac3d530, com.tweetapp.security.JwtAuthorizationFilter@1fd35a92, org.springframework.security.web.authentication.www.BasicAuthenticationFilter@6b52a40, org.springframework.security.web.savedrequest.RequestCacheAwareFilter@8ecc457, org.springframework.security.web.servletapi.SecurityContextHolderAwareRequestFilter@7cbfbcd1, org.springframework.security.web.authentication.AnonymousAuthenticationFilter@40db6136, org.springframework.security.web.session.SessionManagementFilter@61b0af9f, org.springframework.security.web.access.ExceptionTranslationFilter@28c7fd9d, org.springframework.security.web.access.intercept.FilterSecurityInterceptor@21ba0d33]
2022-09-18 00:25:05.813  INFO 20108 --- [main] o.s.s.concurrent.ThreadPoolTaskExecutor  : Initializing ExecutorService 'applicationTaskExecutor'
2022-09-18 00:25:06.264  INFO 20108 --- [main] o.s.b.w.embedded.tomcat.TomcatWebServer  : Tomcat started on port(s): 7070 (http) with context path ''
2022-09-18 00:25:06.266  INFO 20108 --- [main] d.s.w.p.DocumentationPluginsBootstrapper : Context refreshed
2022-09-18 00:25:06.311  INFO 20108 --- [main] d.s.w.p.DocumentationPluginsBootstrapper : Found 1 custom documentation plugin(s)
2022-09-18 00:25:06.379  INFO 20108 --- [main] s.d.s.w.s.ApiListingReferenceScanner     : Scanning for api listing references
2022-09-18 00:25:06.675  INFO 20108 --- [main] .d.s.w.r.o.CachingOperationNameGenerator : Generating unique operation named: handleUsingGET_1
2022-09-18 00:25:06.681  INFO 20108 --- [main] .d.s.w.r.o.CachingOperationNameGenerator : Generating unique operation named: handleUsingGET_2
2022-09-18 00:25:06.685  INFO 20108 --- [main] .d.s.w.r.o.CachingOperationNameGenerator : Generating unique operation named: handleUsingDELETE_1
2022-09-18 00:25:06.689  INFO 20108 --- [main] .d.s.w.r.o.CachingOperationNameGenerator : Generating unique operation named: handleUsingGET_3
2022-09-18 00:25:06.693  INFO 20108 --- [main] .d.s.w.r.o.CachingOperationNameGenerator : Generating unique operation named: handleUsingGET_4
2022-09-18 00:25:06.698  INFO 20108 --- [main] .d.s.w.r.o.CachingOperationNameGenerator : Generating unique operation named: handleUsingGET_5
2022-09-18 00:25:06.705  INFO 20108 --- [main] .d.s.w.r.o.CachingOperationNameGenerator : Generating unique operation named: handleUsingGET_6
2022-09-18 00:25:06.710  INFO 20108 --- [main] .d.s.w.r.o.CachingOperationNameGenerator : Generating unique operation named: handleUsingGET_7
2022-09-18 00:25:06.715  INFO 20108 --- [main] .d.s.w.r.o.CachingOperationNameGenerator : Generating unique operation named: handleUsingGET_8
2022-09-18 00:25:06.721  INFO 20108 --- [main] .d.s.w.r.o.CachingOperationNameGenerator : Generating unique operation named: handleUsingGET_9
2022-09-18 00:25:06.727  INFO 20108 --- [main] .d.s.w.r.o.CachingOperationNameGenerator : Generating unique operation named: handleUsingGET_10
2022-09-18 00:25:06.731  INFO 20108 --- [main] .d.s.w.r.o.CachingOperationNameGenerator : Generating unique operation named: handleUsingGET_11
2022-09-18 00:25:06.737  INFO 20108 --- [main] .d.s.w.r.o.CachingOperationNameGenerator : Generating unique operation named: handleUsingGET_12
2022-09-18 00:25:06.745  INFO 20108 --- [main] .d.s.w.r.o.CachingOperationNameGenerator : Generating unique operation named: handleUsingGET_13
2022-09-18 00:25:06.747  INFO 20108 --- [main] .d.s.w.r.o.CachingOperationNameGenerator : Generating unique operation named: handleUsingGET_14
2022-09-18 00:25:06.752  INFO 20108 --- [main] .d.s.w.r.o.CachingOperationNameGenerator : Generating unique operation named: handleUsingGET_15
2022-09-18 00:25:06.755  INFO 20108 --- [main] .d.s.w.r.o.CachingOperationNameGenerator : Generating unique operation named: handleUsingGET_16
2022-09-18 00:25:06.758  INFO 20108 --- [main] .d.s.w.r.o.CachingOperationNameGenerator : Generating unique operation named: handleUsingGET_17
2022-09-18 00:25:06.762  INFO 20108 --- [main] .d.s.w.r.o.CachingOperationNameGenerator : Generating unique operation named: handleUsingGET_18
2022-09-18 00:25:06.765  INFO 20108 --- [main] .d.s.w.r.o.CachingOperationNameGenerator : Generating unique operation named: handleUsingGET_19
2022-09-18 00:25:06.945  INFO 20108 --- [main] com.tweetapp.TweetappApplication         : Started TweetappApplication in 6.592 seconds (JVM running for 7.577)
2022-09-18 00:25:07.073  INFO 20108 --- [RMI TCP Connection(4)-127.0.0.1] o.a.c.c.C.[Tomcat].[localhost].[/]       : Initializing Spring DispatcherServlet 'dispatcherServlet'
2022-09-18 00:25:07.073  INFO 20108 --- [RMI TCP Connection(4)-127.0.0.1] o.s.web.servlet.DispatcherServlet        : Initializing Servlet 'dispatcherServlet'
2022-09-18 00:25:07.075  INFO 20108 --- [RMI TCP Connection(4)-127.0.0.1] o.s.web.servlet.DispatcherServlet        : Completed initialization in 2 ms
2022-09-18 00:25:56.814  INFO 20108 --- [http-nio-7070-exec-1] org.mongodb.driver.connection            : Opened connection [connectionId{localValue:3, serverValue:88}] to localhost:27017
2022-09-18 01:42:34.532  INFO 20108 --- [RMI TCP Connection(87)-127.0.0.1] inMXBeanRegistrar$SpringApplicationAdmin : Application shutdown requested.
2022-09-18 01:42:35.247  INFO 20108 --- [RMI TCP Connection(87)-127.0.0.1] o.s.s.concurrent.ThreadPoolTaskExecutor  : Shutting down ExecutorService 'applicationTaskExecutor'
2022-09-18 01:42:35.301  INFO 20108 --- [RMI TCP Connection(87)-127.0.0.1] org.mongodb.driver.connection            : Closed connection [connectionId{localValue:3, serverValue:88}] to localhost:27017 because the pool has been closed.
